Output when launching competition.ign -v 4:


subt-neil@subtneil-desktop:~/ign_subt_ws$ ign launch competition.ign -v 4
[Dbg] [Manager.cc:406] Forked a process for [ros] command[roslaunchsubt_roscompetition_init.launchworld_name:=tunnel_qual_ign]
[Dbg] [Manager.cc:649] Loading plugin. Name[ignition::launch::GazeboServer] File[libignition-launch-gazebo.so]
[Msg] Loading SDF world file[/home/subt-neil/ign_subt_ws/install/share/subt_ign/worlds/tunnel_qual_ign.sdf].
[Dbg] [Manager.cc:649] Loading plugin. Name[ignition::launch::GazeboGui] File[libignition-launch-gazebogui.so]
[Dbg] [Application.cc:87] Initializing application.
[GUI] [Dbg] [Application.cc:407] Create main window
... logging to /home/subt-neil/.ros/log/62a55172-85f0-11e9-92d2-7085c2526b2b/roslaunch-subtneil-desktop-6446.log
Checking log directory for disk usage. This may take awhile.
Press Ctrl-C to interrupt
Done checking log file disk usage. Usage is <1GB.

[GUI] [Msg] Loading config [/usr/share/ignition/ignition-gazebo2/gui/gui.config]
[GUI] [Dbg] [Application.cc:266] Loading window config
[GUI] [Dbg] [Application.cc:421] Applying config
[GUI] [Dbg] [Application.cc:305] Loading plugin [GzScene3D]
[GUI] [Msg] Transform mode service on [/gui/transform_mode]
[GUI] [Msg] Added plugin [3D View] to main window
[GUI] [Msg] Loaded plugin [GzScene3D] from path [/usr/lib/x86_64-linux-gnu/ign-gazebo-2/plugins/gui/libGzScene3D.so]
[GUI] [Dbg] [Application.cc:305] Loading plugin [WorldControl]
[GUI] [Msg] Added plugin [World control] to main window
[GUI] [Msg] Loaded plugin [WorldControl] from path [/usr/lib/x86_64-linux-gnu/ign-gui-2/plugins/libWorldControl.so]
[GUI] [Dbg] [Application.cc:305] Loading plugin [WorldStats]
[GUI] [Msg] Added plugin [World stats] to main window
[GUI] [Msg] Loaded plugin [WorldStats] from path [/usr/lib/x86_64-linux-gnu/ign-gui-2/plugins/libWorldStats.so]
[GUI] [Dbg] [GuiRunner.cc:35] Requesting initial state from [/world/tunnel_qual_ign/state]...
[GUI] [Dbg] [GazeboGui.cc:130] Running the GazeboGui plugin.
started roslaunch server http://subtneil-desktop:44125/

SUMMARY
========

PARAMETERS
 * /model/axis_angular: 0
 * /model/axis_arrow_horizontal: 3
 * /model/axis_arrow_vertical: 4
 * /model/axis_horizontal: 3
 * /model/axis_linear: 1
 * /model/axis_vertical: 4
 * /model/button_map/A: 0
 * /model/button_map/B: 1
 * /model/button_map/L: 4
 * /model/button_map/R: 5
 * /model/button_map/X: 2
 * /model/button_map/Y: 3
 * /model/button_robot_map/A: X1
 * /model/button_robot_map/B: X2
 * /model/button_robot_map/X: X3
 * /model/button_robot_map/Y: X4
 * /model/comm_led_service_suffixes: ['/rear_center_le...
 * /model/dead_man_switch_left: 10
 * /model/dead_man_switch_right: 11
 * /model/enable_button: 4
 * /model/enable_turbo_button: 5
 * /model/flashlight_service_suffixes: ['/right_headligh...
 * /model/joy_node/autorepeat_rate: 20
 * /model/joy_node/deadzone: 0.1
 * /model/joy_node/dev: /dev/input/js0
 * /model/light_off_trigger: 7
 * /model/light_on_trigger: 6
 * /model/robot_address_map/X1: X1
 * /model/robot_address_map/X2: X2
 * /model/robot_address_map/X3: X3
 * /model/robot_address_map/X4: X4
 * /model/robot_names: ['X1', 'X2', 'X3'...
 * /model/scale_angular: 0.4
 * /model/scale_angular_turbo: 0.8
 * /model/scale_horizontal: 0.4
 * /model/scale_horizontal_turbo: 1.5
 * /model/scale_linear: 0.1
 * /model/scale_linear_turbo: 1.5
 * /model/scale_vertical: 50
 * /model/scale_vertical_turbo: 150
 * /model/select_led_service_suffixes: ['/left_lateral_f...
 * /rosdistro: melodic
 * /rosversion: 1.14.3
 * /use_sim_time: True
 * /world_name: tunnel_qual_ign

NODES
  /model/X1/
    pose_tf_broadcaster_X1 (subt_ros/pose_tf_broadcaster)
    ros1_ign_bridge_X1_actuators (ros1_ign_bridge/parameter_bridge)
    ros1_ign_bridge_X1_camera (ros1_ign_bridge/parameter_bridge)
    ros1_ign_bridge_X1_imu (ros1_ign_bridge/parameter_bridge)
    ros1_ign_bridge_X1_pose (ros1_ign_bridge/parameter_bridge)
    ros1_ign_bridge_X1_twist (ros1_ign_bridge/parameter_bridge)
  /model/X2/
    pose_tf_broadcaster_X2 (subt_ros/pose_tf_broadcaster)
    ros1_ign_bridge_X2_actuators (ros1_ign_bridge/parameter_bridge)
    ros1_ign_bridge_X2_camera (ros1_ign_bridge/parameter_bridge)
    ros1_ign_bridge_X2_imu (ros1_ign_bridge/parameter_bridge)
    ros1_ign_bridge_X2_pose (ros1_ign_bridge/parameter_bridge)
    ros1_ign_bridge_X2_twist (ros1_ign_bridge/parameter_bridge)
  /model/
    joy_node (joy/joy_node)
    teleop_twist_joy (subt_example/teleop_node)
  /
    ros1_ign_bridge_subtneil_desktop_6446_1088697747951189591 (ros1_ign_bridge/parameter_bridge)
    tf_world_static (tf2_ros/static_transform_publisher)
  /model/X3/
    pose_tf_broadcaster_X3 (subt_ros/pose_tf_broadcaster)
    ros1_ign_bridge_X3_actuators (ros1_ign_bridge/parameter_bridge)
    ros1_ign_bridge_X3_camera (ros1_ign_bridge/parameter_bridge)
    ros1_ign_bridge_X3_imu (ros1_ign_bridge/parameter_bridge)
    ros1_ign_bridge_X3_pose (ros1_ign_bridge/parameter_bridge)
    ros1_ign_bridge_X3_twist (ros1_ign_bridge/parameter_bridge)
  /model/X4/
    pose_tf_broadcaster_X4 (subt_ros/pose_tf_broadcaster)
    ros1_ign_bridge_X4_actuators (ros1_ign_bridge/parameter_bridge)
    ros1_ign_bridge_X4_camera (ros1_ign_bridge/parameter_bridge)
    ros1_ign_bridge_X4_imu (ros1_ign_bridge/parameter_bridge)
    ros1_ign_bridge_X4_pose (ros1_ign_bridge/parameter_bridge)
    ros1_ign_bridge_X4_twist (ros1_ign_bridge/parameter_bridge)

ROS_MASTER_URI=http://localhost:11311

ERROR: cannot launch node of type [ros1_ign_bridge/parameter_bridge]: ros1_ign_bridge
ROS path [0]=/opt/ros/melodic/share/ros
ROS path [1]=/home/subt-neil/ign_subt_ws/install/share
ROS path [2]=/opt/ros/melodic/share
ERROR: cannot launch node of type [ros1_ign_bridge/parameter_bridge]: ros1_ign_bridge
ROS path [0]=/opt/ros/melodic/share/ros
ROS path [1]=/home/subt-neil/ign_subt_ws/install/share
ROS path [2]=/opt/ros/melodic/share
ERROR: cannot launch node of type [ros1_ign_bridge/parameter_bridge]: ros1_ign_bridge
ROS path [0]=/opt/ros/melodic/share/ros
ROS path [1]=/home/subt-neil/ign_subt_ws/install/share
ROS path [2]=/opt/ros/melodic/share
ERROR: cannot launch node of type [ros1_ign_bridge/parameter_bridge]: ros1_ign_bridge
ROS path [0]=/opt/ros/melodic/share/ros
ROS path [1]=/home/subt-neil/ign_subt_ws/install/share
ROS path [2]=/opt/ros/melodic/share
ERROR: cannot launch node of type [ros1_ign_bridge/parameter_bridge]: ros1_ign_bridge
ROS path [0]=/opt/ros/melodic/share/ros
ROS path [1]=/home/subt-neil/ign_subt_ws/install/share
ROS path [2]=/opt/ros/melodic/share
ERROR: cannot launch node of type [ros1_ign_bridge/parameter_bridge]: ros1_ign_bridge
ROS path [0]=/opt/ros/melodic/share/ros
ROS path [1]=/home/subt-neil/ign_subt_ws/install/share
ROS path [2]=/opt/ros/melodic/share
process[model/X1/pose_tf_broadcaster_X1-7]: started with pid [6489]
ERROR: cannot launch node of type [ros1_ign_bridge/parameter_bridge]: ros1_ign_bridge
ROS path [0]=/opt/ros/melodic/share/ros
ROS path [1]=/home/subt-neil/ign_subt_ws/install/share
ROS path [2]=/opt/ros/melodic/share
ERROR: cannot launch node of type [ros1_ign_bridge/parameter_bridge]: ros1_ign_bridge
ROS path [0]=/opt/ros/melodic/share/ros
ROS path [1]=/home/subt-neil/ign_subt_ws/install/share
ROS path [2]=/opt/ros/melodic/share
ERROR: cannot launch node of type [ros1_ign_bridge/parameter_bridge]: ros1_ign_bridge
ROS path [0]=/opt/ros/melodic/share/ros
ROS path [1]=/home/subt-neil/ign_subt_ws/install/share
ROS path [2]=/opt/ros/melodic/share
ERROR: cannot launch node of type [ros1_ign_bridge/parameter_bridge]: ros1_ign_bridge
ROS path [0]=/opt/ros/melodic/share/ros
ROS path [1]=/home/subt-neil/ign_subt_ws/install/share
ROS path [2]=/opt/ros/melodic/share
ERROR: cannot launch node of type [ros1_ign_bridge/parameter_bridge]: ros1_ign_bridge
ROS path [0]=/opt/ros/melodic/share/ros
ROS path [1]=/home/subt-neil/ign_subt_ws/install/share
ROS path [2]=/opt/ros/melodic/share
process[model/X2/pose_tf_broadcaster_X2-13]: started with pid [6494]
ERROR: cannot launch node of type [ros1_ign_bridge/parameter_bridge]: ros1_ign_bridge
ROS path [0]=/opt/ros/melodic/share/ros
ROS path [1]=/home/subt-neil/ign_subt_ws/install/share
ROS path [2]=/opt/ros/melodic/share
ERROR: cannot launch node of type [ros1_ign_bridge/parameter_bridge]: ros1_ign_bridge
ROS path [0]=/opt/ros/melodic/share/ros
ROS path [1]=/home/subt-neil/ign_subt_ws/install/share
ROS path [2]=/opt/ros/melodic/share
ERROR: cannot launch node of type [ros1_ign_bridge/parameter_bridge]: ros1_ign_bridge
ROS path [0]=/opt/ros/melodic/share/ros
ROS path [1]=/home/subt-neil/ign_subt_ws/install/share
ROS path [2]=/opt/ros/melodic/share
ERROR: cannot launch node of type [ros1_ign_bridge/parameter_bridge]: ros1_ign_bridge
ROS path [0]=/opt/ros/melodic/share/ros
ROS path [1]=/home/subt-neil/ign_subt_ws/install/share
ROS path [2]=/opt/ros/melodic/share
ERROR: cannot launch node of type [ros1_ign_bridge/parameter_bridge]: ros1_ign_bridge
ROS path [0]=/opt/ros/melodic/share/ros
ROS path [1]=/home/subt-neil/ign_subt_ws/install/share
ROS path [2]=/opt/ros/melodic/share
process[model/X3/pose_tf_broadcaster_X3-19]: started with pid [6496]
ERROR: cannot launch node of type [ros1_ign_bridge/parameter_bridge]: ros1_ign_bridge
ROS path [0]=/opt/ros/melodic/share/ros
ROS path [1]=/home/subt-neil/ign_subt_ws/install/share
ROS path [2]=/opt/ros/melodic/share
ERROR: cannot launch node of type [ros1_ign_bridge/parameter_bridge]: ros1_ign_bridge
ROS path [0]=/opt/ros/melodic/share/ros
ROS path [1]=/home/subt-neil/ign_subt_ws/install/share
ROS path [2]=/opt/ros/melodic/share
ERROR: cannot launch node of type [ros1_ign_bridge/parameter_bridge]: ros1_ign_bridge
ROS path [0]=/opt/ros/melodic/share/ros
ROS path [1]=/home/subt-neil/ign_subt_ws/install/share
ROS path [2]=/opt/ros/melodic/share
ERROR: cannot launch node of type [ros1_ign_bridge/parameter_bridge]: ros1_ign_bridge
ROS path [0]=/opt/ros/melodic/share/ros
ROS path [1]=/home/subt-neil/ign_subt_ws/install/share
ROS path [2]=/opt/ros/melodic/share
ERROR: cannot launch node of type [ros1_ign_bridge/parameter_bridge]: ros1_ign_bridge
ROS path [0]=/opt/ros/melodic/share/ros
ROS path [1]=/home/subt-neil/ign_subt_ws/install/share
ROS path [2]=/opt/ros/melodic/share
process[model/X4/pose_tf_broadcaster_X4-25]: started with pid [6503]
process[tf_world_static-26]: started with pid [6508]
process[model/joy_node-27]: started with pid [6513]
process[model/teleop_twist_joy-28]: started with pid [6520]
[GUI] [Msg] Loading plugin [ignition-rendering2-ogre2]
[GUI] [Dbg] [RenderUtil.cc:628] Create scene [scene]
[Dbg] [EntityComponentManager.cc:571] Using components of type [2251689575469537287] / [ign_gazebo_components.World].
[Dbg] [EntityComponentManager.cc:571] Using components of type [13994732549916512682] / [ign_gazebo_components.Name].
[Dbg] [EntityComponentManager.cc:571] Using components of type [12592746352568925681] / [ign_gazebo_components.Gravity].
[Dbg] [EntityComponentManager.cc:571] Using components of type [13224937992534617849] / [ign_gazebo_components.MagneticField].
[Dbg] [EntityComponentManager.cc:571] Using components of type [8753193699724811771] / [ign_gazebo_components.Wind].
[Dbg] [EntityComponentManager.cc:571] Using components of type [12173050716021724529] / [ign_gazebo_components.WorldLinearVelocity].
[Dbg] [EntityComponentManager.cc:571] Using components of type [15943768124495574352] / [ign_gazebo_components.WorldLinearVelocitySeed].
[Dbg] [EntityComponentManager.cc:571] Using components of type [3297509811873971798] / [ign_gazebo_components.ParentEntity].
[Dbg] [EntityComponentManager.cc:571] Using components of type [17100615127981600159] / [ign_gazebo_components.Scene].
[Dbg] [LevelManager.cc:162] Reading performer info
[Dbg] [EntityComponentManager.cc:571] Using components of type [4425034272867445569] / [ign_gazebo_components.Performer].
[Dbg] [EntityComponentManager.cc:571] Using components of type [11311330372155309806] / [ign_gazebo_components.PerformerLevels].
[Dbg] [EntityComponentManager.cc:571] Using components of type [17121648710877364109] / [ign_gazebo_components.Geometry].
[Dbg] [LevelManager.cc:289] Reading levels info
[Dbg] [EntityComponentManager.cc:571] Using components of type [8064491505919932473] / [ign_gazebo_components.Level].
[Dbg] [EntityComponentManager.cc:571] Using components of type [6612894081701502240] / [ign_gazebo_components.Pose].
[Dbg] [EntityComponentManager.cc:571] Using components of type [11371360182141354106] / [ign_gazebo_components.LevelEntityNames].
[Dbg] [EntityComponentManager.cc:571] Using components of type [4639224053471842703] / [ign_gazebo_components.LevelBuffer].
[Dbg] [EntityComponentManager.cc:571] Using components of type [2668898242563798256] / [ign_gazebo_components.DefaultLevel].
[Dbg] [SimulationRunner.cc:598] Loaded system [ignition::gazebo::systems::Physics] for entity [1]
[Dbg] [SimulationRunner.cc:598] Loaded system [ignition::gazebo::systems::Sensors] for entity [1]
[Msg] Create service on [/world/tunnel_qual_ign/create]
[Msg] Remove service on [/world/tunnel_qual_ign/remove]
[Msg] Pose service on [/world/tunnel_qual_ign/set_pose]
[Dbg] [SimulationRunner.cc:598] Loaded system [ignition::gazebo::systems::UserCommands] for entity [1]
[Dbg] [SimulationRunner.cc:598] Loaded system [ignition::gazebo::systems::SceneBroadcaster] for entity [1]
[Dbg] [SimulationRunner.cc:598] Loaded system [ignition::gazebo::systems::Imu] for entity [1]
[Dbg] [EntityComponentManager.cc:571] Using components of type [6687176221774458630] / [ign_gazebo_components.Model].
[Dbg] [EntityComponentManager.cc:571] Using components of type [8546580419506082455] / [ign_gazebo_components.Static].
[Dbg] [EntityComponentManager.cc:571] Using components of type [9712747055438129860] / [ign_gazebo_components.WindMode].
[Dbg] [EntityComponentManager.cc:571] Using components of type [5081358965268446661] / [ign_gazebo_components.Link].
[Dbg] [EntityComponentManager.cc:571] Using components of type [8112400427272910195] / [ign_gazebo_components.Inertial].
[Dbg] [EntityComponentManager.cc:571] Using components of type [16454635107327670381] / [ign_gazebo_components.Visual].
[Dbg] [EntityComponentManager.cc:571] Using components of type [17938588655714334139] / [ign_gazebo_components.Collision].
[Dbg] [EntityComponentManager.cc:571] Using components of type [9225962031573086509] / [ign_gazebo_components.CollisionElement].
[Dbg] [EntityComponentManager.cc:571] Using components of type [10522242218202596205] / [ign_gazebo_components.CanonicalLink].
[Dbg] [EntityComponentManager.cc:571] Using components of type [3866641186784191835] / [ign_gazebo_components.Light].
[Msg] Loaded level [15]
[Msg] Serving GUI information on [/world/tunnel_qual_ign/gui/info]
[Msg] World [tunnel_qual_ign] initialized with [1ms] physics profile.
[Dbg] [GazeboServer.cc:166] Loaded GazeboServer plugin.
[Dbg] [Manager.cc:649] Loading plugin. Name[subt::CommsBrokerPlugin] File[libCommsBrokerPluginIgn.so]
[Wrn] [OBJLoader.cc:79] Both `d` and `Tr` parameters defined for "Entrance". Use the value of `d` for dissolve (line 8 in .mtl.)

[Dbg] [CommsBrokerPlugin.cc:67] Loading visibility_config from SDF: 
RF Configuration (visibility-based)
-- visibilityCostToFadingExponent: 0.2
-- commsCostMax: 15

[Dbg] [CommsBrokerPlugin.cc:91] Loading range_config from SDF: 
RF Configuration (range-based)
-- max_range: 20
-- fading_exponent: 2.5
-- L0: 40
-- sigma: 10

[Dbg] [CommsBrokerPlugin.cc:116] Loading radio_config from SDF: 
Radio Configuration
-- capacity: 1e+06
-- default_tx_power: 20
-- noise_floor: -90
-- modulation: QPSK

[Dbg] [CommsBrokerPlugin.cc:210] Using commsModelType: log_normal_range
[Msg] Starting SubT comms broker
[Dbg] [Manager.cc:649] Loading plugin. Name[subt::BaseStationPlugin] File[libBaseStationPluginIgn.so]
[Msg] Base station plugin loaded
New client registered [base_station]
New endpoint registered [base_station:4100] for client [base_station]
New endpoint registered [broadcast:4100] for client [base_station]
[Dbg] [Manager.cc:649] Loading plugin. Name[subt::GameLogicPlugin] File[libGameLogicPluginIgn.so]
[Msg] Adding artifact name[radio_1] type[TYPE_RADIO]
[Msg] Adding artifact name[backpack_1] type[TYPE_BACKPACK]
[Msg] Adding artifact name[phone_1] type[TYPE_PHONE]
[Msg] Adding artifact name[toolbox_1] type[TYPE_TOOLBOX]
[Msg] Adding artifact name[extinguisher_1] type[TYPE_EXTINGUISHER]
[Msg] Adding artifact name[radio_2] type[TYPE_RADIO]
[Msg] Adding artifact name[toolbox_2] type[TYPE_TOOLBOX]
[Msg] Adding artifact name[phone_2] type[TYPE_PHONE]
[Msg] Adding artifact name[electrical_box_1] type[TYPE_ELECTRICAL_BOX]
[Msg] Adding artifact name[backpack_2] type[TYPE_BACKPACK]
[Msg] Adding artifact name[phone_3] type[TYPE_PHONE]
[Msg] Adding artifact name[valve_1] type[TYPE_VALVE]
[Msg] Adding artifact name[valve_2] type[TYPE_VALVE]
[Msg] Adding artifact name[electrical_box_2] type[TYPE_ELECTRICAL_BOX]
[Msg] Adding artifact name[backpack_3] type[TYPE_BACKPACK]
[Msg] Adding artifact name[extinguisher_2] type[TYPE_EXTINGUISHER]
[Msg] Starting SubT
[Msg] Serving scene information on [/world/tunnel_qual_ign/scene/info]
[Msg] Serving graph information on [/world/tunnel_qual_ign/scene/graph]
[Msg] Serving full state on [/world/tunnel_qual_ign/state]
[Msg] Publishing scene information on [/world/tunnel_qual_ign/scene/info]
[Msg] Publishing entity deletions on [/world/tunnel_qual_ign/scene/deletion]
[Msg] Publishing state changes on [/world/tunnel_qual_ign/state]
[Msg] Publishing pose messages on [/world/tunnel_qual_ign/pose/info]
[Msg] Publishing dynamic pose messages on [/world/tunnel_qual_ign/dynamic_pose/info]
[GUI] [Dbg] [EntityComponentManager.cc:571] Using components of type [2251689575469537287] / [ign_gazebo_components.World].
[GUI] [Dbg] [EntityComponentManager.cc:571] Using components of type [13994732549916512682] / [ign_gazebo_components.Name].
[GUI] [Dbg] [EntityComponentManager.cc:571] Using components of type [12592746352568925681] / [ign_gazebo_components.Gravity].
[GUI] [Dbg] [EntityComponentManager.cc:571] Using components of type [13224937992534617849] / [ign_gazebo_components.MagneticField].
[GUI] [Dbg] [EntityComponentManager.cc:571] Using components of type [17100615127981600159] / [ign_gazebo_components.Scene].
[GUI] [Dbg] [EntityComponentManager.cc:571] Using components of type [8753193699724811771] / [ign_gazebo_components.Wind].
[GUI] [Dbg] [EntityComponentManager.cc:571] Using components of type [12173050716021724529] / [ign_gazebo_components.WorldLinearVelocity].
[GUI] [Dbg] [EntityComponentManager.cc:571] Using components of type [15943768124495574352] / [ign_gazebo_components.WorldLinearVelocitySeed].
[GUI] [Dbg] [EntityComponentManager.cc:571] Using components of type [3297509811873971798] / [ign_gazebo_components.ParentEntity].
[GUI] [Dbg] [EntityComponentManager.cc:571] Using components of type [4425034272867445569] / [ign_gazebo_components.Performer].
[GUI] [Dbg] [EntityComponentManager.cc:571] Using components of type [17121648710877364109] / [ign_gazebo_components.Geometry].
[GUI] [Dbg] [EntityComponentManager.cc:571] Using components of type [8064491505919932473] / [ign_gazebo_components.Level].
[GUI] [Dbg] [EntityComponentManager.cc:571] Using components of type [6612894081701502240] / [ign_gazebo_components.Pose].
[GUI] [Dbg] [EntityComponentManager.cc:571] Using components of type [11371360182141354106] / [ign_gazebo_components.LevelEntityNames].
[GUI] [Dbg] [EntityComponentManager.cc:571] Using components of type [4639224053471842703] / [ign_gazebo_components.LevelBuffer].
[GUI] [Dbg] [EntityComponentManager.cc:571] Using components of type [2668898242563798256] / [ign_gazebo_components.DefaultLevel].
[GUI] [Dbg] [EntityComponentManager.cc:571] Using components of type [6687176221774458630] / [ign_gazebo_components.Model].
[GUI] [Dbg] [EntityComponentManager.cc:571] Using components of type [8546580419506082455] / [ign_gazebo_components.Static].
[GUI] [Dbg] [EntityComponentManager.cc:571] Using components of type [9712747055438129860] / [ign_gazebo_components.WindMode].
[GUI] [Dbg] [EntityComponentManager.cc:571] Using components of type [5081358965268446661] / [ign_gazebo_components.Link].
[GUI] [Dbg] [EntityComponentManager.cc:571] Using components of type [8112400427272910195] / [ign_gazebo_components.Inertial].
[GUI] [Dbg] [EntityComponentManager.cc:571] Using components of type [10522242218202596205] / [ign_gazebo_components.CanonicalLink].
[GUI] [Dbg] [EntityComponentManager.cc:571] Using components of type [16454635107327670381] / [ign_gazebo_components.Visual].
[GUI] [Dbg] [EntityComponentManager.cc:571] Using components of type [17938588655714334139] / [ign_gazebo_components.Collision].
[GUI] [Dbg] [EntityComponentManager.cc:571] Using components of type [9225962031573086509] / [ign_gazebo_components.CollisionElement].
[GUI] [Dbg] [EntityComponentManager.cc:571] Using components of type [3866641186784191835] / [ign_gazebo_components.Light].
[GUI] [Wrn] [OBJLoader.cc:79] Both `d` and `Tr` parameters defined for "Entrance". Use the value of `d` for dissolve (line 8 in .mtl.)






=====================================================================================================================================================
Additional output when launching team.ign (output in gazebo window):


[Dbg] [EntityComponentManager.cc:571] Using components of type [273039548655896271] / [ign_gazebo_components.Sensor].
[Dbg] [EntityComponentManager.cc:571] Using components of type [17771214158902094494] / [ign_gazebo_components.Imu].
[Dbg] [EntityComponentManager.cc:571] Using components of type [10461520141335422054] / [ign_gazebo_components.WorldPose].
[Dbg] [EntityComponentManager.cc:571] Using components of type [9810498410555695050] / [ign_gazebo_components.AngularVelocity].
[Dbg] [EntityComponentManager.cc:571] Using components of type [17373107141547024696] / [ign_gazebo_components.LinearAcceleration].
[Dbg] [EntityComponentManager.cc:571] Using components of type [14624144930658477562] / [ign_gazebo_components.Camera].
[Dbg] [EntityComponentManager.cc:571] Using components of type [1301926277928136113] / [ign_gazebo_components.GpuLidar].
[Dbg] [EntityComponentManager.cc:571] Using components of type [360894313363162387] / [ign_gazebo_components.Joint].
[Dbg] [EntityComponentManager.cc:571] Using components of type [4514298940308304267] / [ign_gazebo_components.JointType].
[Dbg] [EntityComponentManager.cc:571] Using components of type [16752981946841796574] / [ign_gazebo_components.JointAxis].
[Dbg] [EntityComponentManager.cc:571] Using components of type [6791213906290467105] / [ign_gazebo_components.ThreadPitch].
[Dbg] [EntityComponentManager.cc:571] Using components of type [14863055383328686534] / [ign_gazebo_components.ParentLinkName].
[Dbg] [EntityComponentManager.cc:571] Using components of type [3888602368311486678] / [ign_gazebo_components.ChildLinkName].
[Msg] DiffDrive subscribing to twist messages on [/model/X2/cmd_vel_relay]
[Dbg] [SimulationRunner.cc:541] Loaded system [ignition::gazebo::systems::DiffDrive] for entity [186]
[Dbg] [SimulationRunner.cc:541] Loaded system [ignition::gazebo::systems::PosePublisher] for entity [186]
[Dbg] [UserCommands.cc:471] Created entity [186] named [X2]
[Msg] Loading plugin [ignition-rendering2-ogre2]
[Dbg] [RenderUtil.cc:628] Create scene [scene]
[Err] [SceneManager.cc:108] Parent entity with Id: [1] not found. Not adding model: [186]
[Err] [SceneManager.cc:148] Parent entity with Id: [186] not found. Not adding link: [187]
[Err] [SceneManager.cc:148] Parent entity with Id: [186] not found. Not adding link: [204]
[Err] [SceneManager.cc:148] Parent entity with Id: [186] not found. Not adding link: [207]
[Err] [SceneManager.cc:148] Parent entity with Id: [186] not found. Not adding link: [210]
[Err] [SceneManager.cc:148] Parent entity with Id: [186] not found. Not adding link: [213]
[Err] [SceneManager.cc:186] Parent entity with Id: [187] not found. Not adding visual: [188]
[Err] [SceneManager.cc:186] Parent entity with Id: [187] not found. Not adding visual: [189]
[Err] [SceneManager.cc:186] Parent entity with Id: [187] not found. Not adding visual: [190]
[Err] [SceneManager.cc:186] Parent entity with Id: [187] not found. Not adding visual: [191]
[Err] [SceneManager.cc:186] Parent entity with Id: [187] not found. Not adding visual: [192]
[Err] [SceneManager.cc:186] Parent entity with Id: [187] not found. Not adding visual: [193]
[Err] [SceneManager.cc:186] Parent entity with Id: [187] not found. Not adding visual: [194]
[Err] [SceneManager.cc:186] Parent entity with Id: [187] not found. Not adding visual: [195]
[Err] [SceneManager.cc:186] Parent entity with Id: [204] not found. Not adding visual: [205]
[Err] [SceneManager.cc:186] Parent entity with Id: [207] not found. Not adding visual: [208]
[Err] [SceneManager.cc:186] Parent entity with Id: [210] not found. Not adding visual: [211]
[Err] [SceneManager.cc:186] Parent entity with Id: [213] not found. Not adding visual: [214]
[Err] [SceneManager.cc:439] Parent entity with Id: [187] not found. Not adding light: [197]
[Err] [SceneManager.cc:439] Parent entity with Id: [187] not found. Not adding light: [198]
[Err] [SceneManager.cc:439] Parent entity with Id: [187] not found. Not adding light: [199]
[Err] [SceneManager.cc:439] Parent entity with Id: [187] not found. Not adding light: [200]
[Err] [RenderUtil.cc:267] Failed to create sensor for entity [202]. Parent not found.
[Err] [RenderUtil.cc:267] Failed to create sensor for entity [203]. Parent not found.
[Dbg] [EntityComponentManager.cc:571] Using components of type [14423792621074650228] / [ign_gazebo_components.JointVelocityCmd].
[GUI] [Dbg] [EntityComponentManager.cc:571] Using components of type [273039548655896271] / [ign_gazebo_components.Sensor].
[GUI] [Dbg] [EntityComponentManager.cc:571] Using components of type [17771214158902094494] / [ign_gazebo_components.Imu].
[GUI] [Dbg] [EntityComponentManager.cc:571] Using components of type [10461520141335422054] / [ign_gazebo_components.WorldPose].
[GUI] [Dbg] [EntityComponentManager.cc:571] Using components of type [9810498410555695050] / [ign_gazebo_components.AngularVelocity].
[GUI] [Dbg] [EntityComponentManager.cc:571] Using components of type [17373107141547024696] / [ign_gazebo_components.LinearAcceleration].
[GUI] [Dbg] [EntityComponentManager.cc:571] Using components of type [14624144930658477562] / [ign_gazebo_components.Camera].
[GUI] [Dbg] [EntityComponentManager.cc:571] Using components of type [1301926277928136113] / [ign_gazebo_components.GpuLidar].
[GUI] [Dbg] [EntityComponentManager.cc:571] Using components of type [360894313363162387] / [ign_gazebo_components.Joint].
[GUI] [Dbg] [EntityComponentManager.cc:571] Using components of type [4514298940308304267] / [ign_gazebo_components.JointType].
[GUI] [Dbg] [EntityComponentManager.cc:571] Using components of type [16752981946841796574] / [ign_gazebo_components.JointAxis].
[GUI] [Dbg] [EntityComponentManager.cc:571] Using components of type [6791213906290467105] / [ign_gazebo_components.ThreadPitch].
[GUI] [Dbg] [EntityComponentManager.cc:571] Using components of type [14863055383328686534] / [ign_gazebo_components.ParentLinkName].
[GUI] [Dbg] [EntityComponentManager.cc:571] Using components of type [3888602368311486678] / [ign_gazebo_components.ChildLinkName].
[GUI] [Dbg] [EntityComponentManager.cc:571] Using components of type [14423792621074650228] / [ign_gazebo_components.JointVelocityCmd].
[Msg] Loaded level [11]
[Msg] DiffDrive subscribing to twist messages on [/model/X1/cmd_vel_relay]
[Dbg] [SimulationRunner.cc:541] Loaded system [ignition::gazebo::systems::DiffDrive] for entity [285]
[Dbg] [SimulationRunner.cc:541] Loaded system [ignition::gazebo::systems::PosePublisher] for entity [285]
[Dbg] [UserCommands.cc:471] Created entity [285] named [X1]
[Err] [SceneManager.cc:108] Parent entity with Id: [1] not found. Not adding model: [221]
[Err] [SceneManager.cc:108] Parent entity with Id: [1] not found. Not adding model: [225]
[Err] [SceneManager.cc:108] Parent entity with Id: [1] not found. Not adding model: [230]
[Err] [SceneManager.cc:108] Parent entity with Id: [1] not found. Not adding model: [237]
[Err] [SceneManager.cc:108] Parent entity with Id: [1] not found. Not adding model: [244]
[Err] [SceneManager.cc:108] Parent entity with Id: [1] not found. Not adding model: [249]
[Err] [SceneManager.cc:108] Parent entity with Id: [1] not found. Not adding model: [254]
[Err] [SceneManager.cc:108] Parent entity with Id: [1] not found. Not adding model: [259]
[Err] [SceneManager.cc:108] Parent entity with Id: [1] not found. Not adding model: [264]
[Err] [SceneManager.cc:108] Parent entity with Id: [1] not found. Not adding model: [271]
[Err] [SceneManager.cc:108] Parent entity with Id: [1] not found. Not adding model: [276]
[Err] [SceneManager.cc:108] Parent entity with Id: [1] not found. Not adding model: [281]
[Err] [SceneManager.cc:108] Parent entity with Id: [1] not found. Not adding model: [285]
[Err] [SceneManager.cc:148] Parent entity with Id: [221] not found. Not adding link: [222]
[Err] [SceneManager.cc:148] Parent entity with Id: [225] not found. Not adding link: [226]
[Err] [SceneManager.cc:148] Parent entity with Id: [230] not found. Not adding link: [231]
[Err] [SceneManager.cc:148] Parent entity with Id: [237] not found. Not adding link: [238]
[Err] [SceneManager.cc:148] Parent entity with Id: [244] not found. Not adding link: [245]
[Err] [SceneManager.cc:148] Parent entity with Id: [249] not found. Not adding link: [250]
[Err] [SceneManager.cc:148] Parent entity with Id: [254] not found. Not adding link: [255]
[Err] [SceneManager.cc:148] Parent entity with Id: [259] not found. Not adding link: [260]
[Err] [SceneManager.cc:148] Parent entity with Id: [264] not found. Not adding link: [265]
[Err] [SceneManager.cc:148] Parent entity with Id: [271] not found. Not adding link: [272]
[Err] [SceneManager.cc:148] Parent entity with Id: [276] not found. Not adding link: [277]
[Err] [SceneManager.cc:148] Parent entity with Id: [281] not found. Not adding link: [282]
[Err] [SceneManager.cc:148] Parent entity with Id: [285] not found. Not adding link: [286]
[Err] [SceneManager.cc:148] Parent entity with Id: [285] not found. Not adding link: [312]
[Err] [SceneManager.cc:148] Parent entity with Id: [285] not found. Not adding link: [315]
[Err] [SceneManager.cc:148] Parent entity with Id: [285] not found. Not adding link: [318]
[Err] [SceneManager.cc:148] Parent entity with Id: [285] not found. Not adding link: [321]
[Err] [SceneManager.cc:186] Parent entity with Id: [222] not found. Not adding visual: [223]
[Err] [SceneManager.cc:186] Parent entity with Id: [226] not found. Not adding visual: [227]
[Err] [SceneManager.cc:186] Parent entity with Id: [231] not found. Not adding visual: [232]
[Err] [SceneManager.cc:186] Parent entity with Id: [238] not found. Not adding visual: [239]
[Err] [SceneManager.cc:186] Parent entity with Id: [245] not found. Not adding visual: [246]
[Err] [SceneManager.cc:186] Parent entity with Id: [250] not found. Not adding visual: [251]
[Err] [SceneManager.cc:186] Parent entity with Id: [255] not found. Not adding visual: [256]
[Err] [SceneManager.cc:186] Parent entity with Id: [260] not found. Not adding visual: [261]
[Err] [SceneManager.cc:186] Parent entity with Id: [265] not found. Not adding visual: [266]
[Err] [SceneManager.cc:186] Parent entity with Id: [272] not found. Not adding visual: [273]
[Err] [SceneManager.cc:186] Parent entity with Id: [277] not found. Not adding visual: [278]
[Err] [SceneManager.cc:186] Parent entity with Id: [282] not found. Not adding visual: [283]
[Err] [SceneManager.cc:186] Parent entity with Id: [286] not found. Not adding visual: [287]
[Err] [SceneManager.cc:186] Parent entity with Id: [286] not found. Not adding visual: [288]
[Err] [SceneManager.cc:186] Parent entity with Id: [286] not found. Not adding visual: [289]
[Err] [SceneManager.cc:186] Parent entity with Id: [286] not found. Not adding visual: [290]
[Err] [SceneManager.cc:186] Parent entity with Id: [286] not found. Not adding visual: [291]
[Err] [SceneManager.cc:186] Parent entity with Id: [286] not found. Not adding visual: [292]
[Err] [SceneManager.cc:186] Parent entity with Id: [286] not found. Not adding visual: [293]
[Err] [SceneManager.cc:186] Parent entity with Id: [286] not found. Not adding visual: [294]
[Err] [SceneManager.cc:186] Parent entity with Id: [286] not found. Not adding visual: [295]
[Err] [SceneManager.cc:186] Parent entity with Id: [286] not found. Not adding visual: [296]
[Err] [SceneManager.cc:186] Parent entity with Id: [286] not found. Not adding visual: [297]
[Err] [SceneManager.cc:186] Parent entity with Id: [286] not found. Not adding visual: [298]
[Err] [SceneManager.cc:186] Parent entity with Id: [286] not found. Not adding visual: [299]
[Err] [SceneManager.cc:186] Parent entity with Id: [286] not found. Not adding visual: [300]
[Err] [SceneManager.cc:186] Parent entity with Id: [312] not found. Not adding visual: [313]
[Err] [SceneManager.cc:186] Parent entity with Id: [315] not found. Not adding visual: [316]
[Err] [SceneManager.cc:186] Parent entity with Id: [318] not found. Not adding visual: [319]
[Err] [SceneManager.cc:186] Parent entity with Id: [321] not found. Not adding visual: [322]
[Err] [SceneManager.cc:439] Parent entity with Id: [286] not found. Not adding light: [305]
[Err] [SceneManager.cc:439] Parent entity with Id: [286] not found. Not adding light: [306]
[Err] [SceneManager.cc:439] Parent entity with Id: [286] not found. Not adding light: [307]
[Err] [SceneManager.cc:439] Parent entity with Id: [286] not found. Not adding light: [308]
[Err] [RenderUtil.cc:267] Failed to create sensor for entity [310]. Parent not found.
[Err] [RenderUtil.cc:267] Failed to create sensor for entity [311]. Parent not found.
[GUI] [Dbg] [EntityComponentManager.cc:571] Using components of type [11311330372155309806] / [ign_gazebo_components.PerformerLevels].
[Dbg] [EntityComponentManager.cc:571] Using components of type [6155746414546082238] / [ign_gazebo_components.AirPressureSensor].
[Dbg] [EntityComponentManager.cc:571] Using components of type [17148290817080054765] / [ign_gazebo_components.Magnetometer].
[Dbg] [EntityComponentManager.cc:571] Using components of type [9853217982010720764] / [ign_gazebo_components.Material].
[Dbg] [SimulationRunner.cc:541] Loaded system [ignition::gazebo::systems::PosePublisher] for entity [329]
[Dbg] [SimulationRunner.cc:541] Loaded system [ignition::gazebo::systems::MulticopterMotorModel] for entity [329]
[Dbg] [SimulationRunner.cc:541] Loaded system [ignition::gazebo::systems::MulticopterMotorModel] for entity [329]
[Dbg] [SimulationRunner.cc:541] Loaded system [ignition::gazebo::systems::MulticopterMotorModel] for entity [329]
[Dbg] [SimulationRunner.cc:541] Loaded system [ignition::gazebo::systems::MulticopterMotorModel] for entity [329]
[Dbg] [UserCommands.cc:471] Created entity [329] named [X3]
[Err] [SceneManager.cc:108] Parent entity with Id: [1] not found. Not adding model: [329]
[Err] [SceneManager.cc:148] Parent entity with Id: [329] not found. Not adding link: [330]
[Err] [SceneManager.cc:148] Parent entity with Id: [329] not found. Not adding link: [347]
[Err] [SceneManager.cc:148] Parent entity with Id: [329] not found. Not adding link: [350]
[Err] [SceneManager.cc:148] Parent entity with Id: [329] not found. Not adding link: [353]
[Err] [SceneManager.cc:148] Parent entity with Id: [329] not found. Not adding link: [356]
[Err] [SceneManager.cc:186] Parent entity with Id: [330] not found. Not adding visual: [331]
[Err] [SceneManager.cc:186] Parent entity with Id: [330] not found. Not adding visual: [332]
[Err] [SceneManager.cc:186] Parent entity with Id: [330] not found. Not adding visual: [333]
[Err] [SceneManager.cc:186] Parent entity with Id: [330] not found. Not adding visual: [334]
[Err] [SceneManager.cc:186] Parent entity with Id: [330] not found. Not adding visual: [335]
[Err] [SceneManager.cc:186] Parent entity with Id: [330] not found. Not adding visual: [336]
[Err] [SceneManager.cc:186] Parent entity with Id: [330] not found. Not adding visual: [337]
[Err] [SceneManager.cc:186] Parent entity with Id: [330] not found. Not adding visual: [338]
[Err] [SceneManager.cc:186] Parent entity with Id: [347] not found. Not adding visual: [348]
[Err] [SceneManager.cc:186] Parent entity with Id: [350] not found. Not adding visual: [351]
[Err] [SceneManager.cc:186] Parent entity with Id: [353] not found. Not adding visual: [354]
[Err] [SceneManager.cc:186] Parent entity with Id: [356] not found. Not adding visual: [357]
[Err] [SceneManager.cc:439] Parent entity with Id: [330] not found. Not adding light: [340]
[Err] [SceneManager.cc:439] Parent entity with Id: [330] not found. Not adding light: [341]
[Err] [SceneManager.cc:439] Parent entity with Id: [330] not found. Not adding light: [342]
[Err] [RenderUtil.cc:267] Failed to create sensor for entity [346]. Parent not found.
[Dbg] [EntityComponentManager.cc:571] Using components of type [4068291309002341380] / [ign_gazebo_components.JointVelocity].
[Dbg] [EntityComponentManager.cc:571] Using components of type [7808403688689644833] / [ign_gazebo_components.ExternalWorldWrenchCmd].
[Wrn] [Component.hh:144] Trying to serialize component with data type [N8ignition4msgs6WrenchE], which doesn't have `operator<<`. Component will not be serialized.
[GUI] [Dbg] [EntityComponentManager.cc:571] Using components of type [6155746414546082238] / [ign_gazebo_components.AirPressureSensor].
[GUI] [Dbg] [EntityComponentManager.cc:571] Using components of type [17148290817080054765] / [ign_gazebo_components.Magnetometer].
[GUI] [Dbg] [EntityComponentManager.cc:571] Using components of type [9853217982010720764] / [ign_gazebo_components.Material].
[GUI] [Dbg] [EntityComponentManager.cc:571] Using components of type [4068291309002341380] / [ign_gazebo_components.JointVelocity].
[Dbg] [SimulationRunner.cc:541] Loaded system [ignition::gazebo::systems::PosePublisher] for entity [364]
[Dbg] [SimulationRunner.cc:541] Loaded system [ignition::gazebo::systems::MulticopterMotorModel] for entity [364]
[Dbg] [SimulationRunner.cc:541] Loaded system [ignition::gazebo::systems::MulticopterMotorModel] for entity [364]
[Dbg] [SimulationRunner.cc:541] Loaded system [ignition::gazebo::systems::MulticopterMotorModel] for entity [364]
[Dbg] [SimulationRunner.cc:541] Loaded system [ignition::gazebo::systems::MulticopterMotorModel] for entity [364]
[Dbg] [SimulationRunner.cc:541] Loaded system [ignition::gazebo::systems::MulticopterMotorModel] for entity [364]
[Dbg] [SimulationRunner.cc:541] Loaded system [ignition::gazebo::systems::MulticopterMotorModel] for entity [364]
[Dbg] [UserCommands.cc:471] Created entity [364] named [X4]
[Err] [SceneManager.cc:108] Parent entity with Id: [1] not found. Not adding model: [364]
[Err] [SceneManager.cc:148] Parent entity with Id: [364] not found. Not adding link: [365]
[Err] [SceneManager.cc:148] Parent entity with Id: [364] not found. Not adding link: [382]
[Err] [SceneManager.cc:148] Parent entity with Id: [364] not found. Not adding link: [385]
[Err] [SceneManager.cc:148] Parent entity with Id: [364] not found. Not adding link: [388]
[Err] [SceneManager.cc:148] Parent entity with Id: [364] not found. Not adding link: [391]
[Err] [SceneManager.cc:148] Parent entity with Id: [364] not found. Not adding link: [394]
[Err] [SceneManager.cc:148] Parent entity with Id: [364] not found. Not adding link: [397]
[Err] [SceneManager.cc:186] Parent entity with Id: [365] not found. Not adding visual: [366]
[Err] [SceneManager.cc:186] Parent entity with Id: [365] not found. Not adding visual: [367]
[Err] [SceneManager.cc:186] Parent entity with Id: [365] not found. Not adding visual: [368]
[Err] [SceneManager.cc:186] Parent entity with Id: [365] not found. Not adding visual: [369]
[Err] [SceneManager.cc:186] Parent entity with Id: [365] not found. Not adding visual: [370]
[Err] [SceneManager.cc:186] Parent entity with Id: [365] not found. Not adding visual: [371]
[Err] [SceneManager.cc:186] Parent entity with Id: [365] not found. Not adding visual: [372]
[Err] [SceneManager.cc:186] Parent entity with Id: [365] not found. Not adding visual: [373]
[Err] [SceneManager.cc:186] Parent entity with Id: [382] not found. Not adding visual: [383]
[Err] [SceneManager.cc:186] Parent entity with Id: [385] not found. Not adding visual: [386]
[Err] [SceneManager.cc:186] Parent entity with Id: [388] not found. Not adding visual: [389]
[Err] [SceneManager.cc:186] Parent entity with Id: [391] not found. Not adding visual: [392]
[Err] [SceneManager.cc:186] Parent entity with Id: [394] not found. Not adding visual: [395]
[Err] [SceneManager.cc:186] Parent entity with Id: [397] not found. Not adding visual: [398]
[Err] [SceneManager.cc:439] Parent entity with Id: [365] not found. Not adding light: [375]
[Err] [SceneManager.cc:439] Parent entity with Id: [365] not found. Not adding light: [376]
[Err] [SceneManager.cc:439] Parent entity with Id: [365] not found. Not adding light: [377]
[Err] [RenderUtil.cc:267] Failed to create sensor for entity [381]. Parent not found.



=================================================================================================================
Console output in team.ign window:


team.ign console messages:

subt-neil@subtneil-desktop:~/ign_subt_ws$ ign launch team.ign
... logging to /home/subt-neil/.ros/log/62a55172-85f0-11e9-92d2-7085c2526b2b/roslaunch-subtneil-desktop-6819.log
Checking log directory for disk usage. This may take awhile.
Press Ctrl-C to interrupt
Done checking log file disk usage. Usage is <1GB.

... logging to /home/subt-neil/.ros/log/62a55172-85f0-11e9-92d2-7085c2526b2b/roslaunch-subtneil-desktop-6818.log
Checking log directory for disk usage. This may take awhile.
Press Ctrl-C to interrupt
Done checking log file disk usage. Usage is <1GB.

... logging to /home/subt-neil/.ros/log/62a55172-85f0-11e9-92d2-7085c2526b2b/roslaunch-subtneil-desktop-6820.log
Checking log directory for disk usage. This may take awhile.
Press Ctrl-C to interrupt
Done checking log file disk usage. Usage is <1GB.

started roslaunch server http://subtneil-desktop:39183/

SUMMARY
========

PARAMETERS
 * /model/X3/robot_localization_ukf_node_odom/base_link_frame: tunnel_qual_ign/X...
 * /model/X3/robot_localization_ukf_node_odom/frequency: 1000.0
 * /model/X3/robot_localization_ukf_node_odom/imu0: imu/data
 * /model/X3/robot_localization_ukf_node_odom/imu0_config: [False, False, Fa...
 * /model/X3/robot_localization_ukf_node_odom/odom_frame: tunnel_qual_ign
 * /model/X3/robot_localization_ukf_node_odom/publish_tf: False
 * /model/X3/robot_localization_ukf_node_odom/sensor_timeout: 0.2
 * /model/X3/robot_localization_ukf_node_odom/two_d_mode: False
 * /model/X3/robot_localization_ukf_node_odom/world_frame: tunnel_qual_ign
 * /model/X3/roll_pitch_yawrate_thrust_controller_node/angular_rate_gain/x: 0.4
 * /model/X3/roll_pitch_yawrate_thrust_controller_node/angular_rate_gain/y: 0.52
 * /model/X3/roll_pitch_yawrate_thrust_controller_node/angular_rate_gain/z: 0.025
 * /model/X3/roll_pitch_yawrate_thrust_controller_node/attitude_gain/x: 2
 * /model/X3/roll_pitch_yawrate_thrust_controller_node/attitude_gain/y: 3
 * /model/X3/roll_pitch_yawrate_thrust_controller_node/attitude_gain/z: 0.035
 * /model/X3/roll_pitch_yawrate_thrust_controller_node/inertia/xx: 0.0347563
 * /model/X3/roll_pitch_yawrate_thrust_controller_node/inertia/xy: 0.0
 * /model/X3/roll_pitch_yawrate_thrust_controller_node/inertia/xz: 0.0
 * /model/X3/roll_pitch_yawrate_thrust_controller_node/inertia/yy: 0.0458929
 * /model/X3/roll_pitch_yawrate_thrust_controller_node/inertia/yz: 0.0
 * /model/X3/roll_pitch_yawrate_thrust_controller_node/inertia/zz: 0.0977
 * /model/X3/roll_pitch_yawrate_thrust_controller_node/mass: 1.52
 * /model/X3/roll_pitch_yawrate_thrust_controller_node/rotor_configuration/0/angle: -0.533708
 * /model/X3/roll_pitch_yawrate_thrust_controller_node/rotor_configuration/0/arm_length: 0.255539
 * /model/X3/roll_pitch_yawrate_thrust_controller_node/rotor_configuration/0/direction: 1.0
 * /model/X3/roll_pitch_yawrate_thrust_controller_node/rotor_configuration/0/rotor_force_constant: 8.54858e-06
 * /model/X3/roll_pitch_yawrate_thrust_controller_node/rotor_configuration/0/rotor_moment_constant: 0.016
 * /model/X3/roll_pitch_yawrate_thrust_controller_node/rotor_configuration/1/angle: 2.565218
 * /model/X3/roll_pitch_yawrate_thrust_controller_node/rotor_configuration/1/arm_length: 0.238537
 * /model/X3/roll_pitch_yawrate_thrust_controller_node/rotor_configuration/1/direction: 1.0
 * /model/X3/roll_pitch_yawrate_thrust_controller_node/rotor_configuration/1/rotor_force_constant: 8.54858e-06
 * /model/X3/roll_pitch_yawrate_thrust_controller_node/rotor_configuration/1/rotor_moment_constant: 0.016
 * /model/X3/roll_pitch_yawrate_thrust_controller_node/rotor_configuration/2/angle: 0.533708
 * /model/X3/roll_pitch_yawrate_thrust_controller_node/rotor_configuration/2/arm_length: 0.255539
 * /model/X3/roll_pitch_yawrate_thrust_controller_node/rotor_configuration/2/direction: -1.0
 * /model/X3/roll_pitch_yawrate_thrust_controller_node/rotor_configuration/2/rotor_force_constant: 8.54858e-06
 * /model/X3/roll_pitch_yawrate_thrust_controller_node/rotor_configuration/2/rotor_moment_constant: 0.016
 * /model/X3/roll_pitch_yawrate_thrust_controller_node/rotor_configuration/3/angle: -2.565218
 * /model/X3/roll_pitch_yawrate_thrust_controller_node/rotor_configuration/3/arm_length: 0.238537
 * /model/X3/roll_pitch_yawrate_thrust_controller_node/rotor_configuration/3/direction: -1.0
 * /model/X3/roll_pitch_yawrate_thrust_controller_node/rotor_configuration/3/rotor_force_constant: 8.54858e-06
 * /model/X3/roll_pitch_yawrate_thrust_controller_node/rotor_configuration/3/rotor_moment_constant: 0.016
 * /rosdistro: melodic
 * /rosversion: 1.14.3

NODES
  /model/X3/
    cmdvel_transform (subt_example/cmdvel_converter_rpy.py)
    robot_localization_ukf_node_odom (robot_localization/ukf_localization_node)
    roll_pitch_yawrate_thrust_controller_node (rotors_control/roll_pitch_yawrate_thrust_controller_node)

ROS_MASTER_URI=http://localhost:11311

started roslaunch server http://subtneil-desktop:40613/

SUMMARY
========

PARAMETERS
 * /model/X4/robot_localization_ukf_node_odom/base_link_frame: tunnel_qual_ign/X...
 * /model/X4/robot_localization_ukf_node_odom/frequency: 1000.0
 * /model/X4/robot_localization_ukf_node_odom/imu0: imu/data
 * /model/X4/robot_localization_ukf_node_odom/imu0_config: [False, False, Fa...
 * /model/X4/robot_localization_ukf_node_odom/odom_frame: tunnel_qual_ign
 * /model/X4/robot_localization_ukf_node_odom/publish_tf: False
 * /model/X4/robot_localization_ukf_node_odom/sensor_timeout: 0.2
 * /model/X4/robot_localization_ukf_node_odom/two_d_mode: False
 * /model/X4/robot_localization_ukf_node_odom/world_frame: tunnel_qual_ign
 * /model/X4/roll_pitch_yawrate_thrust_controller_node/angular_rate_gain/x: 0.52
 * /model/X4/roll_pitch_yawrate_thrust_controller_node/angular_rate_gain/y: 0.52
 * /model/X4/roll_pitch_yawrate_thrust_controller_node/angular_rate_gain/z: 0.025
 * /model/X4/roll_pitch_yawrate_thrust_controller_node/attitude_gain/x: 4
 * /model/X4/roll_pitch_yawrate_thrust_controller_node/attitude_gain/y: 4
 * /model/X4/roll_pitch_yawrate_thrust_controller_node/attitude_gain/z: 2.0
 * /model/X4/roll_pitch_yawrate_thrust_controller_node/inertia/xx: 0.0608
 * /model/X4/roll_pitch_yawrate_thrust_controller_node/inertia/xy: 0.0
 * /model/X4/roll_pitch_yawrate_thrust_controller_node/inertia/xz: 0.0
 * /model/X4/roll_pitch_yawrate_thrust_controller_node/inertia/yy: 0.0688
 * /model/X4/roll_pitch_yawrate_thrust_controller_node/inertia/yz: 0.0
 * /model/X4/roll_pitch_yawrate_thrust_controller_node/inertia/zz: 0.1489
 * /model/X4/roll_pitch_yawrate_thrust_controller_node/mass: 3.42
 * /model/X4/roll_pitch_yawrate_thrust_controller_node/rotor_configuration/0/angle: 0.52359877559
 * /model/X4/roll_pitch_yawrate_thrust_controller_node/rotor_configuration/0/arm_length: 0.2895
 * /model/X4/roll_pitch_yawrate_thrust_controller_node/rotor_configuration/0/direction: 1.0
 * /model/X4/roll_pitch_yawrate_thrust_controller_node/rotor_configuration/0/rotor_force_constant: 1.269e-05
 * /model/X4/roll_pitch_yawrate_thrust_controller_node/rotor_configuration/0/rotor_moment_constant: 0.016754
 * /model/X4/roll_pitch_yawrate_thrust_controller_node/rotor_configuration/1/angle: 1.57079632679
 * /model/X4/roll_pitch_yawrate_thrust_controller_node/rotor_configuration/1/arm_length: 0.2895
 * /model/X4/roll_pitch_yawrate_thrust_controller_node/rotor_configuration/1/direction: -1.0
 * /model/X4/roll_pitch_yawrate_thrust_controller_node/rotor_configuration/1/rotor_force_constant: 1.269e-05
 * /model/X4/roll_pitch_yawrate_thrust_controller_node/rotor_configuration/1/rotor_moment_constant: 0.016754
 * /model/X4/roll_pitch_yawrate_thrust_controller_node/rotor_configuration/2/angle: 2.61799387799
 * /model/X4/roll_pitch_yawrate_thrust_controller_node/rotor_configuration/2/arm_length: 0.2895
 * /model/X4/roll_pitch_yawrate_thrust_controller_node/rotor_configuration/2/direction: 1.0
 * /model/X4/roll_pitch_yawrate_thrust_controller_node/rotor_configuration/2/rotor_force_constant: 1.269e-05
 * /model/X4/roll_pitch_yawrate_thrust_controller_node/rotor_configuration/2/rotor_moment_constant: 0.016754
 * /model/X4/roll_pitch_yawrate_thrust_controller_node/rotor_configuration/3/angle: -2.61799387799
 * /model/X4/roll_pitch_yawrate_thrust_controller_node/rotor_configuration/3/arm_length: 0.2895
 * /model/X4/roll_pitch_yawrate_thrust_controller_node/rotor_configuration/3/direction: -1.0
 * /model/X4/roll_pitch_yawrate_thrust_controller_node/rotor_configuration/3/rotor_force_constant: 1.269e-05
 * /model/X4/roll_pitch_yawrate_thrust_controller_node/rotor_configuration/3/rotor_moment_constant: 0.016754
 * /model/X4/roll_pitch_yawrate_thrust_controller_node/rotor_configuration/4/angle: -1.57079632679
 * /model/X4/roll_pitch_yawrate_thrust_controller_node/rotor_configuration/4/arm_length: 0.2895
 * /model/X4/roll_pitch_yawrate_thrust_controller_node/rotor_configuration/4/direction: 1.0
 * /model/X4/roll_pitch_yawrate_thrust_controller_node/rotor_configuration/4/rotor_force_constant: 1.269e-05
 * /model/X4/roll_pitch_yawrate_thrust_controller_node/rotor_configuration/4/rotor_moment_constant: 0.016754
 * /model/X4/roll_pitch_yawrate_thrust_controller_node/rotor_configuration/5/angle: -0.52359877559
 * /model/X4/roll_pitch_yawrate_thrust_controller_node/rotor_configuration/5/arm_length: 0.2895
 * /model/X4/roll_pitch_yawrate_thrust_controller_node/rotor_configuration/5/direction: -1.0
 * /model/X4/roll_pitch_yawrate_thrust_controller_node/rotor_configuration/5/rotor_force_constant: 1.269e-05
 * /model/X4/roll_pitch_yawrate_thrust_controller_node/rotor_configuration/5/rotor_moment_constant: 0.016754
 * /rosdistro: melodic
 * /rosversion: 1.14.3

NODES
  /model/X4/
    cmdvel_transform (subt_example/cmdvel_converter_rpy.py)
    robot_localization_ukf_node_odom (robot_localization/ukf_localization_node)
    roll_pitch_yawrate_thrust_controller_node (rotors_control/roll_pitch_yawrate_thrust_controller_node)

ROS_MASTER_URI=http://localhost:11311

process[model/X3/robot_localization_ukf_node_odom-1]: started with pid [6864]
process[model/X3/roll_pitch_yawrate_thrust_controller_node-2]: started with pid [6865]
process[model/X3/cmdvel_transform-3]: started with pid [6866]
process[model/X4/robot_localization_ukf_node_odom-1]: started with pid [6878]
process[model/X4/roll_pitch_yawrate_thrust_controller_node-2]: started with pid [6879]
process[model/X4/cmdvel_transform-3]: started with pid [6881]
started roslaunch server http://subtneil-desktop:35575/

SUMMARY
========

PARAMETERS
 * /X1/robot_description: <?xml version="1....
 * /X2/robot_description: <?xml version="1....
 * /X3/robot_description: <?xml version="1....
 * /X4/robot_description: <?xml version="1....
 * /rosdistro: melodic
 * /rosversion: 1.14.3

NODES

ROS_MASTER_URI=http://localhost:11311

No processes to monitor
shutting down processing monitor...
... shutting down processing monitor complete


